Arguments: 
  C:\Program Files\nodejs\node.exe C:\Program Files (x86)\Yarn\bin\yarn.js

PATH: 
  C:\Program Files (x86)\Common Files\Oracle\Java\javapath;C:\WINDOWS\system32;C:\WINDOWS;C:\WINDOWS\System32\Wbem;C:\WINDOWS\System32\WindowsPowerShell\v1.0\;C:\Program Files\Git\cmd;C:\Program Files (x86)\Yarn\bin\;C:\WINDOWS\System32\OpenSSH\;C:\Program Files\TortoiseHg\;C:\Program Files\nodejs\;C:\Program Files\dotnet\;C:\Users\Rob Bateman\AppData\Local\Microsoft\WindowsApps;C:\Program Files\Microsoft VS Code\bin;C:\Users\Rob Bateman\AppData\Local\GitHubDesktop\bin;C:\Users\Rob Bateman\AppData\Local\Yarn\bin;C:\Users\Rob Bateman\AppData\Local\Microsoft\WindowsApps;C:\Users\Rob Bateman\AppData\Local\Programs\Microsoft VS Code\bin;C:\Users\Rob Bateman\AppData\Roaming\npm;

Yarn version: 
  1.6.0

Node version: 
  10.15.3

Platform: 
  win32 x64

Trace: 
  Error: https://registry.yarnpkg.com/@awayfl%2favm2: Not found
      at Request.params.callback [as _callback] (C:\Program Files (x86)\Yarn\lib\cli.js:65327:18)
      at Request.self.callback (C:\Program Files (x86)\Yarn\lib\cli.js:133155:22)
      at Request.emit (events.js:189:13)
      at Request.<anonymous> (C:\Program Files (x86)\Yarn\lib\cli.js:134138:10)
      at Request.emit (events.js:189:13)
      at IncomingMessage.<anonymous> (C:\Program Files (x86)\Yarn\lib\cli.js:134058:12)
      at Object.onceWrapper (events.js:277:13)
      at IncomingMessage.emit (events.js:194:15)
      at endReadableNT (_stream_readable.js:1125:12)
      at process._tickCallback (internal/process/next_tick.js:63:19)

npm manifest: 
  {
    "name": "@awayfl/awayfl-player",
    "version": "0.1.0",
    "description": "VIrtual machine for executing AS1 and AS2 code",
    "main": "bundle/awayfl-awayfl-player.umd.js",
    "module": "dist/index.js",
    "types": "dist/index.d.ts",
    "url": "http://www.away3d.com",
    "author": "Rob Bateman",
    "repository": {
      "type": "git",
      "url": "git+https://github.com/awayfl/awayfl-player.git"
    },
    "scripts": {
      "rimraf": "rimraf",
      "rollup": "rollup -c",
      "uglifyjs": "uglifyjs ./bundle/awayfl-awayfl-player.umd.js -o ./bundle/awayfl-awayfl-player.umd.min.js --source-map \"content='./bundle/awayfl-awayfl-player.umd.js.map'\" --mangle",
      "tsc": "tsc --lib ES2015.Symbol,DOM,ScriptHost,ES5,ES2015,ES2015.Iterable",
      "tsc:build": "npm run tsc || exit 0",
      "clean": "npm cache clean && npm run rimraf -- node_modules dist bundle",
      "clean:dist": "npm run rimraf -- dist bundle",
      "watch": "npm run tsc -- --w",
      "prebuild": "npm run clean:dist",
      "build": "npm run tsc:build && npm run rollup && npm run uglifyjs",
      "copyVersionToIndex": "node ./copyVersionToIndex && git add ./index.ts && git commit -m \"update version number in index.ts\"",
      "version": "npm run copyVersionToIndex && npm run build",
      "postversion": "git push && git push --tags && npm publish"
    },
    "keywords": [
      "AwayJS",
      "WebGL",
      "2D",
      "3D",
      "graphics"
    ],
    "license": "Apache-2.0",
    "bugs": {
      "url": "https://github.com/awayjs/awayfl-player/issues"
    },
    "homepage": "https://github.com/awayjs/awayfl-player#readme",
    "peerDependencies": {
      "@awayfl/avm2": "^0.1.0",
      "@awayfl/playerglobal": "^0.1.0",
      "@awayjs/core": "^0.8.0",
      "@awayjs/graphics": "^0.4.0",
      "@awayjs/materials": "^0.5.0",
      "@awayjs/renderer": "^0.10.0",
      "@awayjs/scene": "^0.12.0",
      "@awayjs/stage": "^0.10.0",
      "@awayjs/view": "^0.5.0",
      "@awayjs/swf-viewer": "^0.3.0",
      "tslib": "^1.9.0"
    },
    "devDependencies": {
      "@awayfl/avm2": "^0.1.0",
      "@awayfl/playerglobal": "^0.1.0",
      "@awayjs/core": "^0.8.0",
      "@awayjs/graphics": "^0.4.0",
      "@awayjs/materials": "^0.5.0",
      "@awayjs/renderer": "^0.10.0",
      "@awayjs/scene": "^0.12.0",
      "@awayjs/stage": "^0.10.0",
      "@awayjs/view": "^0.5.0",
      "@awayjs/swf-viewer": "^0.3.0",
      "rimraf": "^2.5.2",
      "rollup": "^0.57.1",
      "rollup-plugin-commonjs": "^9.1.0",
      "rollup-plugin-includepaths": "^0.2.1",
      "rollup-plugin-node-resolve": "^3.3.0",
      "tslib": "^1.9.0",
      "typescript": "^3.7.3",
      "uglify-js": "^3.0.15"
    }
  }

yarn manifest: 
  No manifest

Lockfile: 
  No lockfile
